{"/home/ubuntu/Documentos/Laboratoria/ProyectosBootcamp/LIM012-fe-md-links/src/md.js": {"path":"/home/ubuntu/Documentos/Laboratoria/ProyectosBootcamp/LIM012-fe-md-links/src/md.js","statementMap":{"0":{"start":{"line":1,"column":13},"end":{"line":1,"column":28}},"1":{"start":{"line":2,"column":11},"end":{"line":2,"column":24}},"2":{"start":{"line":3,"column":13},"end":{"line":3,"column":28}},"3":{"start":{"line":4,"column":15},"end":{"line":4,"column":32}},"4":{"start":{"line":8,"column":21},"end":{"line":12,"column":1}},"5":{"start":{"line":9,"column":2},"end":{"line":11,"column":3}},"6":{"start":{"line":10,"column":4},"end":{"line":10,"column":17}},"7":{"start":{"line":11,"column":4},"end":{"line":11,"column":33}},"8":{"start":{"line":17,"column":19},"end":{"line":24,"column":2}},"9":{"start":{"line":17,"column":28},"end":{"line":24,"column":2}},"10":{"start":{"line":18,"column":2},"end":{"line":23,"column":5}},"11":{"start":{"line":19,"column":4},"end":{"line":21,"column":5}},"12":{"start":{"line":20,"column":6},"end":{"line":20,"column":18}},"13":{"start":{"line":22,"column":4},"end":{"line":22,"column":19}},"14":{"start":{"line":25,"column":0},"end":{"line":25,"column":46}},"15":{"start":{"line":25,"column":37},"end":{"line":25,"column":42}},"16":{"start":{"line":31,"column":25},"end":{"line":45,"column":1}},"17":{"start":{"line":32,"column":18},"end":{"line":32,"column":50}},"18":{"start":{"line":33,"column":16},"end":{"line":33,"column":37}},"19":{"start":{"line":34,"column":16},"end":{"line":34,"column":18}},"20":{"start":{"line":36,"column":2},"end":{"line":42,"column":4}},"21":{"start":{"line":37,"column":4},"end":{"line":41,"column":7}},"22":{"start":{"line":43,"column":2},"end":{"line":43,"column":39}},"23":{"start":{"line":44,"column":2},"end":{"line":44,"column":17}},"24":{"start":{"line":48,"column":0},"end":{"line":50,"column":2}}},"fnMap":{"0":{"name":"(anonymous_0)","decl":{"start":{"line":8,"column":21},"end":{"line":8,"column":22}},"loc":{"start":{"line":8,"column":32},"end":{"line":12,"column":1}},"line":8},"1":{"name":"(anonymous_1)","decl":{"start":{"line":17,"column":19},"end":{"line":17,"column":20}},"loc":{"start":{"line":17,"column":28},"end":{"line":24,"column":2}},"line":17},"2":{"name":"(anonymous_2)","decl":{"start":{"line":17,"column":40},"end":{"line":17,"column":41}},"loc":{"start":{"line":17,"column":61},"end":{"line":24,"column":1}},"line":17},"3":{"name":"(anonymous_3)","decl":{"start":{"line":18,"column":25},"end":{"line":18,"column":26}},"loc":{"start":{"line":18,"column":41},"end":{"line":23,"column":3}},"line":18},"4":{"name":"(anonymous_4)","decl":{"start":{"line":25,"column":25},"end":{"line":25,"column":26}},"loc":{"start":{"line":25,"column":37},"end":{"line":25,"column":42}},"line":25},"5":{"name":"(anonymous_5)","decl":{"start":{"line":31,"column":25},"end":{"line":31,"column":26}},"loc":{"start":{"line":31,"column":35},"end":{"line":45,"column":1}},"line":31},"6":{"name":"(anonymous_6)","decl":{"start":{"line":36,"column":15},"end":{"line":36,"column":16}},"loc":{"start":{"line":36,"column":38},"end":{"line":42,"column":3}},"line":36}},"branchMap":{"0":{"loc":{"start":{"line":9,"column":2},"end":{"line":11,"column":3}},"type":"if","locations":[{"start":{"line":9,"column":2},"end":{"line":11,"column":3}},{"start":{"line":9,"column":2},"end":{"line":11,"column":3}}],"line":9},"1":{"loc":{"start":{"line":19,"column":4},"end":{"line":21,"column":5}},"type":"if","locations":[{"start":{"line":19,"column":4},"end":{"line":21,"column":5}},{"start":{"line":19,"column":4},"end":{"line":21,"column":5}}],"line":19}},"s":{"0":2,"1":2,"2":2,"3":2,"4":2,"5":2,"6":1,"7":1,"8":2,"9":2,"10":2,"11":0,"12":0,"13":0,"14":2,"15":0,"16":2,"17":6,"18":5,"19":5,"20":5,"21":15,"22":5,"23":5,"24":2},"f":{"0":2,"1":2,"2":2,"3":0,"4":0,"5":6,"6":15},"b":{"0":[1,1],"1":[0,0]},"_coverageSchema":"1a1c01bbd47fc00a2c39e90264f33305004495a9","hash":"1cd03224713f0283877d3a4a29e2125941773460"}
,"/home/ubuntu/Documentos/Laboratoria/ProyectosBootcamp/LIM012-fe-md-links/src/options.js": {"path":"/home/ubuntu/Documentos/Laboratoria/ProyectosBootcamp/LIM012-fe-md-links/src/options.js","statementMap":{"0":{"start":{"line":1,"column":14},"end":{"line":1,"column":35}},"1":{"start":{"line":2,"column":29},"end":{"line":2,"column":47}},"2":{"start":{"line":7,"column":17},"end":{"line":32,"column":1}},"3":{"start":{"line":8,"column":18},"end":{"line":8,"column":41}},"4":{"start":{"line":9,"column":24},"end":{"line":29,"column":11}},"5":{"start":{"line":9,"column":49},"end":{"line":29,"column":10}},"6":{"start":{"line":10,"column":4},"end":{"line":29,"column":8}},"7":{"start":{"line":12,"column":20},"end":{"line":16,"column":9}},"8":{"start":{"line":17,"column":8},"end":{"line":25,"column":9}},"9":{"start":{"line":18,"column":10},"end":{"line":18,"column":34}},"10":{"start":{"line":19,"column":10},"end":{"line":19,"column":39}},"11":{"start":{"line":20,"column":10},"end":{"line":20,"column":23}},"12":{"start":{"line":22,"column":10},"end":{"line":22,"column":34}},"13":{"start":{"line":23,"column":10},"end":{"line":23,"column":31}},"14":{"start":{"line":24,"column":10},"end":{"line":24,"column":23}},"15":{"start":{"line":28,"column":8},"end":{"line":28,"column":20}},"16":{"start":{"line":31,"column":2},"end":{"line":31,"column":36}},"17":{"start":{"line":39,"column":22},"end":{"line":48,"column":2}},"18":{"start":{"line":39,"column":32},"end":{"line":48,"column":2}},"19":{"start":{"line":40,"column":2},"end":{"line":47,"column":7}},"20":{"start":{"line":42,"column":25},"end":{"line":42,"column":40}},"21":{"start":{"line":45,"column":26},"end":{"line":45,"column":88}},"22":{"start":{"line":45,"column":65},"end":{"line":45,"column":78}},"23":{"start":{"line":46,"column":6},"end":{"line":46,"column":62}},"24":{"start":{"line":56,"column":28},"end":{"line":62,"column":2}},"25":{"start":{"line":56,"column":38},"end":{"line":62,"column":2}},"26":{"start":{"line":57,"column":2},"end":{"line":61,"column":7}},"27":{"start":{"line":59,"column":26},"end":{"line":59,"column":89}},"28":{"start":{"line":59,"column":55},"end":{"line":59,"column":81}},"29":{"start":{"line":60,"column":6},"end":{"line":60,"column":40}},"30":{"start":{"line":68,"column":0},"end":{"line":68,"column":66}}},"fnMap":{"0":{"name":"(anonymous_0)","decl":{"start":{"line":7,"column":17},"end":{"line":7,"column":18}},"loc":{"start":{"line":7,"column":28},"end":{"line":32,"column":1}},"line":7},"1":{"name":"(anonymous_1)","decl":{"start":{"line":9,"column":36},"end":{"line":9,"column":37}},"loc":{"start":{"line":9,"column":49},"end":{"line":29,"column":10}},"line":9},"2":{"name":"(anonymous_2)","decl":{"start":{"line":9,"column":61},"end":{"line":9,"column":62}},"loc":{"start":{"line":10,"column":4},"end":{"line":29,"column":8}},"line":10},"3":{"name":"(anonymous_3)","decl":{"start":{"line":11,"column":12},"end":{"line":11,"column":13}},"loc":{"start":{"line":11,"column":21},"end":{"line":26,"column":7}},"line":11},"4":{"name":"(anonymous_4)","decl":{"start":{"line":27,"column":13},"end":{"line":27,"column":14}},"loc":{"start":{"line":27,"column":22},"end":{"line":29,"column":7}},"line":27},"5":{"name":"(anonymous_5)","decl":{"start":{"line":39,"column":22},"end":{"line":39,"column":23}},"loc":{"start":{"line":39,"column":32},"end":{"line":48,"column":2}},"line":39},"6":{"name":"(anonymous_6)","decl":{"start":{"line":39,"column":44},"end":{"line":39,"column":45}},"loc":{"start":{"line":39,"column":57},"end":{"line":48,"column":1}},"line":39},"7":{"name":"(anonymous_7)","decl":{"start":{"line":41,"column":10},"end":{"line":41,"column":11}},"loc":{"start":{"line":41,"column":24},"end":{"line":47,"column":5}},"line":41},"8":{"name":"(anonymous_8)","decl":{"start":{"line":45,"column":51},"end":{"line":45,"column":52}},"loc":{"start":{"line":45,"column":65},"end":{"line":45,"column":78}},"line":45},"9":{"name":"(anonymous_9)","decl":{"start":{"line":56,"column":28},"end":{"line":56,"column":29}},"loc":{"start":{"line":56,"column":38},"end":{"line":62,"column":2}},"line":56},"10":{"name":"(anonymous_10)","decl":{"start":{"line":56,"column":50},"end":{"line":56,"column":51}},"loc":{"start":{"line":56,"column":63},"end":{"line":62,"column":1}},"line":56},"11":{"name":"(anonymous_11)","decl":{"start":{"line":58,"column":10},"end":{"line":58,"column":11}},"loc":{"start":{"line":58,"column":24},"end":{"line":61,"column":5}},"line":58},"12":{"name":"(anonymous_12)","decl":{"start":{"line":59,"column":42},"end":{"line":59,"column":43}},"loc":{"start":{"line":59,"column":55},"end":{"line":59,"column":81}},"line":59}},"branchMap":{"0":{"loc":{"start":{"line":17,"column":8},"end":{"line":25,"column":9}},"type":"if","locations":[{"start":{"line":17,"column":8},"end":{"line":25,"column":9}},{"start":{"line":17,"column":8},"end":{"line":25,"column":9}}],"line":17},"1":{"loc":{"start":{"line":17,"column":12},"end":{"line":17,"column":49}},"type":"binary-expr","locations":[{"start":{"line":17,"column":12},"end":{"line":17,"column":29}},{"start":{"line":17,"column":33},"end":{"line":17,"column":49}}],"line":17}},"s":{"0":1,"1":1,"2":1,"3":5,"4":4,"5":12,"6":12,"7":12,"8":12,"9":8,"10":8,"11":8,"12":4,"13":4,"14":4,"15":0,"16":4,"17":1,"18":1,"19":1,"20":1,"21":1,"22":3,"23":1,"24":1,"25":1,"26":1,"27":1,"28":3,"29":1,"30":1},"f":{"0":5,"1":12,"2":12,"3":12,"4":0,"5":1,"6":1,"7":1,"8":3,"9":1,"10":1,"11":1,"12":3},"b":{"0":[8,4],"1":[12,12]},"_coverageSchema":"1a1c01bbd47fc00a2c39e90264f33305004495a9","hash":"d35aa2577976bc9facdb599b56349d5a4262a264"}
}
