TN:
SF:src/md.js
FN:7,(anonymous_0)
FN:15,(anonymous_1)
FN:17,(anonymous_2)
FN:24,(anonymous_3)
FN:27,(anonymous_4)
FNF:5
FNH:5
FNDA:2,(anonymous_0)
FNDA:1,(anonymous_1)
FNDA:3,(anonymous_2)
FNDA:1,(anonymous_3)
FNDA:1,(anonymous_4)
DA:1,1
DA:2,1
DA:3,1
DA:7,1
DA:8,2
DA:9,1
DA:10,1
DA:15,1
DA:16,1
DA:17,3
DA:18,1
DA:24,1
DA:25,1
DA:27,1
DA:28,1
DA:29,0
DA:31,1
DA:34,1
LF:18
LH:17
BRDA:8,0,0,1
BRDA:8,0,1,1
BRDA:28,1,0,0
BRDA:28,1,1,1
BRF:4
BRH:3
end_of_record
TN:
SF:src/mdLinks.js
FNF:0
FNH:0
LF:0
LH:0
BRF:0
BRH:0
end_of_record
