TN:
SF:src/md.js
FN:8,(anonymous_0)
FN:17,(anonymous_1)
FN:17,(anonymous_2)
FN:18,(anonymous_3)
FN:25,(anonymous_4)
FN:31,(anonymous_5)
FN:36,(anonymous_6)
FNF:7
FNH:5
FNDA:2,(anonymous_0)
FNDA:2,(anonymous_1)
FNDA:2,(anonymous_2)
FNDA:0,(anonymous_3)
FNDA:0,(anonymous_4)
FNDA:6,(anonymous_5)
FNDA:15,(anonymous_6)
DA:1,2
DA:2,2
DA:3,2
DA:4,2
DA:8,2
DA:9,2
DA:10,1
DA:11,1
DA:17,2
DA:18,2
DA:19,0
DA:20,0
DA:22,0
DA:25,2
DA:31,2
DA:32,6
DA:33,5
DA:34,5
DA:36,5
DA:37,15
DA:43,5
DA:44,5
DA:48,2
LF:23
LH:20
BRDA:9,0,0,1
BRDA:9,0,1,1
BRDA:19,1,0,0
BRDA:19,1,1,0
BRF:4
BRH:2
end_of_record
TN:
SF:src/options.js
FN:7,(anonymous_0)
FN:9,(anonymous_1)
FN:9,(anonymous_2)
FN:11,(anonymous_3)
FN:27,(anonymous_4)
FN:39,(anonymous_5)
FN:39,(anonymous_6)
FN:41,(anonymous_7)
FN:45,(anonymous_8)
FN:56,(anonymous_9)
FN:56,(anonymous_10)
FN:58,(anonymous_11)
FN:59,(anonymous_12)
FNF:13
FNH:12
FNDA:5,(anonymous_0)
FNDA:12,(anonymous_1)
FNDA:12,(anonymous_2)
FNDA:12,(anonymous_3)
FNDA:0,(anonymous_4)
FNDA:1,(anonymous_5)
FNDA:1,(anonymous_6)
FNDA:1,(anonymous_7)
FNDA:3,(anonymous_8)
FNDA:1,(anonymous_9)
FNDA:1,(anonymous_10)
FNDA:1,(anonymous_11)
FNDA:3,(anonymous_12)
DA:1,1
DA:2,1
DA:7,1
DA:8,5
DA:9,12
DA:10,12
DA:12,12
DA:17,12
DA:18,8
DA:19,8
DA:20,8
DA:22,4
DA:23,4
DA:24,4
DA:28,0
DA:31,4
DA:39,1
DA:40,1
DA:42,1
DA:45,3
DA:46,1
DA:56,1
DA:57,1
DA:59,3
DA:60,1
DA:68,1
LF:26
LH:25
BRDA:17,0,0,8
BRDA:17,0,1,4
BRDA:17,1,0,12
BRDA:17,1,1,12
BRF:4
BRH:4
end_of_record
